<?xml version="1.0" encoding="UTF-8"?>
<testsuite name="me.whiteship.springboot.web.IndexControllerTest" tests="1" skipped="0" failures="0" errors="0" timestamp="2020-05-13T07:05:16" hostname="DESKTOP-5ALPGPC" time="0.322">
  <properties/>
  <testcase name="mainpage_loading" classname="me.whiteship.springboot.web.IndexControllerTest" time="0.322"/>
  <system-out><![CDATA[2020-05-13 16:05:14.065  INFO 4928 --- [    Test worker] .b.t.c.SpringBootTestContextBootstrapper : Neither @ContextConfiguration nor @ContextHierarchy found for test class [me.whiteship.springboot.web.IndexControllerTest], using SpringBootContextLoader
2020-05-13 16:05:14.066  INFO 4928 --- [    Test worker] o.s.t.c.support.AbstractContextLoader    : Could not detect default resource locations for test class [me.whiteship.springboot.web.IndexControllerTest]: no resource found for suffixes {-context.xml, Context.groovy}.
2020-05-13 16:05:14.066  INFO 4928 --- [    Test worker] t.c.s.AnnotationConfigContextLoaderUtils : Could not detect default configuration classes for test class [me.whiteship.springboot.web.IndexControllerTest]: IndexControllerTest does not declare any static, non-private, non-final, nested classes annotated with @Configuration.
2020-05-13 16:05:14.066  INFO 4928 --- [    Test worker] .b.t.c.SpringBootTestContextBootstrapper : Found @SpringBootConfiguration me.whiteship.springboot.Application for test class me.whiteship.springboot.web.IndexControllerTest
2020-05-13 16:05:14.066  INFO 4928 --- [    Test worker] .b.t.c.SpringBootTestContextBootstrapper : Loaded default TestExecutionListener class names from location [META-INF/spring.factories]: [org.springframework.security.test.context.support.WithSecurityContextTestExecutionListener, org.springframework.security.test.context.support.ReactorContextTestExecutionListener, org.springframework.boot.test.autoconfigure.restdocs.RestDocsTestExecutionListener, org.springframework.boot.test.autoconfigure.web.client.MockRestServiceServerResetTestExecutionListener, org.springframework.boot.test.autoconfigure.web.servlet.MockMvcPrintOnlyOnFailureTestExecutionListener, org.springframework.boot.test.autoconfigure.web.servlet.WebDriverTestExecutionListener, org.springframework.boot.test.mock.mockito.MockitoTestExecutionListener, org.springframework.boot.test.mock.mockito.ResetMocksTestExecutionListener, org.springframework.test.context.web.ServletTestExecutionListener, org.springframework.test.context.support.DirtiesContextBeforeModesTestExecutionListener, org.springframework.test.context.support.DependencyInjectionTestExecutionListener, org.springframework.test.context.support.DirtiesContextTestExecutionListener, org.springframework.test.context.transaction.TransactionalTestExecutionListener, org.springframework.test.context.jdbc.SqlScriptsTestExecutionListener]
2020-05-13 16:05:14.066  INFO 4928 --- [    Test worker] .b.t.c.SpringBootTestContextBootstrapper : Using TestExecutionListeners: [org.springframework.test.context.web.ServletTestExecutionListener@22058a3, org.springframework.test.context.support.DirtiesContextBeforeModesTestExecutionListener@40e87396, org.springframework.boot.test.mock.mockito.MockitoTestExecutionListener@ba8f82a, org.springframework.boot.test.autoconfigure.SpringBootDependencyInjectionTestExecutionListener@27168d8, org.springframework.test.context.support.DirtiesContextTestExecutionListener@214dd75, org.springframework.test.context.transaction.TransactionalTestExecutionListener@1e36a62, org.springframework.test.context.jdbc.SqlScriptsTestExecutionListener@4d46bbdc, org.springframework.security.test.context.support.WithSecurityContextTestExecutionListener@44782d04, org.springframework.security.test.context.support.ReactorContextTestExecutionListener@6023af8b, org.springframework.boot.test.autoconfigure.restdocs.RestDocsTestExecutionListener@7a097997, org.springframework.boot.test.autoconfigure.web.client.MockRestServiceServerResetTestExecutionListener@2e9b551, org.springframework.boot.test.autoconfigure.web.servlet.MockMvcPrintOnlyOnFailureTestExecutionListener@77ca805, org.springframework.boot.test.autoconfigure.web.servlet.WebDriverTestExecutionListener@7ade1096, org.springframework.boot.test.mock.mockito.ResetMocksTestExecutionListener@4b2a1b9b]

  .   ____          _            __ _ _
 /\\ / ___'_ __ _ _(_)_ __  __ _ \ \ \ \
( ( )\___ | '_ | '_| | '_ \/ _` | \ \ \ \
 \\/  ___)| |_)| | | | | || (_| |  ) ) ) )
  '  |____| .__|_| |_|_| |_\__, | / / / /
 =========|_|==============|___/=/_/_/_/
 :: Spring Boot ::        (v2.1.9.RELEASE)

2020-05-13 16:05:14.104  INFO 4928 --- [    Test worker] m.w.springboot.web.IndexControllerTest   : Starting IndexControllerTest on DESKTOP-5ALPGPC with PID 4928 (started by Junhan in C:\Users\Junhan\Desktop\Project\Java\springboot-webservice)
2020-05-13 16:05:14.104  INFO 4928 --- [    Test worker] m.w.springboot.web.IndexControllerTest   : No active profile set, falling back to default profiles: default
2020-05-13 16:05:14.338  INFO 4928 --- [    Test worker] .s.d.r.c.RepositoryConfigurationDelegate : Bootstrapping Spring Data repositories in DEFAULT mode.
2020-05-13 16:05:14.376  INFO 4928 --- [    Test worker] .s.d.r.c.RepositoryConfigurationDelegate : Finished Spring Data repository scanning in 38ms. Found 2 repository interfaces.
2020-05-13 16:05:14.454  INFO 4928 --- [    Test worker] trationDelegate$BeanPostProcessorChecker : Bean 'org.springframework.transaction.annotation.ProxyTransactionManagementConfiguration' of type [org.springframework.transaction.annotation.ProxyTransactionManagementConfiguration$$EnhancerBySpringCGLIB$$4c144e13] is not eligible for getting processed by all BeanPostProcessors (for example: not eligible for auto-proxying)
2020-05-13 16:05:14.738  INFO 4928 --- [    Test worker] o.s.b.w.embedded.tomcat.TomcatWebServer  : Tomcat initialized with port(s): 0 (http)
2020-05-13 16:05:14.761  INFO 4928 --- [    Test worker] o.apache.catalina.core.StandardService   : Starting service [Tomcat]
2020-05-13 16:05:14.761  INFO 4928 --- [    Test worker] org.apache.catalina.core.StandardEngine  : Starting Servlet engine: [Apache Tomcat/9.0.26]
2020-05-13 16:05:14.993  INFO 4928 --- [    Test worker] o.a.c.c.C.[Tomcat].[localhost].[/]       : Initializing Spring embedded WebApplicationContext
2020-05-13 16:05:14.993  INFO 4928 --- [    Test worker] o.s.web.context.ContextLoader            : Root WebApplicationContext: initialization completed in 889 ms
2020-05-13 16:05:15.155  INFO 4928 --- [    Test worker] com.zaxxer.hikari.HikariDataSource       : HikariPool-2 - Starting...
2020-05-13 16:05:15.155  INFO 4928 --- [    Test worker] com.zaxxer.hikari.HikariDataSource       : HikariPool-2 - Start completed.
2020-05-13 16:05:15.208  INFO 4928 --- [    Test worker] o.hibernate.jpa.internal.util.LogHelper  : HHH000204: Processing PersistenceUnitInfo [
	name: default
	...]
2020-05-13 16:05:15.224  INFO 4928 --- [    Test worker] org.hibernate.dialect.Dialect            : HHH000400: Using dialect: org.hibernate.dialect.MySQL5InnoDBDialect
Hibernate: drop table if exists posts
Hibernate: drop table if exists user
Hibernate: create table posts (id bigint not null auto_increment, created_date datetime, modified_date datetime, author varchar(255), content TEXT not null, title varchar(500) not null, primary key (id)) engine=InnoDB
Hibernate: create table user (id bigint not null auto_increment, created_date datetime, modified_date datetime, email varchar(255) not null, name varchar(255) not null, picture varchar(255), role varchar(255) not null, primary key (id)) engine=InnoDB
2020-05-13 16:05:15.288  INFO 4928 --- [    Test worker] o.h.t.schema.internal.SchemaCreatorImpl  : HHH000476: Executing import script 'org.hibernate.tool.schema.internal.exec.ScriptSourceInputNonExistentImpl@78c7a5a8'
2020-05-13 16:05:15.288  INFO 4928 --- [    Test worker] j.LocalContainerEntityManagerFactoryBean : Initialized JPA EntityManagerFactory for persistence unit 'default'
2020-05-13 16:05:15.587  INFO 4928 --- [    Test worker] o.h.h.i.QueryTranslatorFactoryInitiator  : HHH000397: Using ASTQueryTranslatorFactory
2020-05-13 16:05:15.742  INFO 4928 --- [    Test worker] o.s.s.web.DefaultSecurityFilterChain     : Creating filter chain: any request, [org.springframework.security.web.context.request.async.WebAsyncManagerIntegrationFilter@23025095, org.springframework.security.web.context.SecurityContextPersistenceFilter@61522620, org.springframework.security.web.header.HeaderWriterFilter@47c73e1f, org.springframework.security.web.authentication.logout.LogoutFilter@4a46c6a3, org.springframework.security.oauth2.client.web.OAuth2AuthorizationRequestRedirectFilter@16492d8c, org.springframework.security.oauth2.client.web.OAuth2LoginAuthenticationFilter@1016f47d, org.springframework.security.web.authentication.ui.DefaultLoginPageGeneratingFilter@3a5594ef, org.springframework.security.web.authentication.ui.DefaultLogoutPageGeneratingFilter@6393e1b5, org.springframework.security.web.savedrequest.RequestCacheAwareFilter@12c99b24, org.springframework.security.web.servletapi.SecurityContextHolderAwareRequestFilter@6c8068a4, org.springframework.security.web.authentication.AnonymousAuthenticationFilter@3c698506, org.springframework.security.web.session.SessionManagementFilter@43d2ba29, org.springframework.security.web.access.ExceptionTranslationFilter@4ce7f1e7, org.springframework.security.web.access.intercept.FilterSecurityInterceptor@62f454b4]
2020-05-13 16:05:15.953  INFO 4928 --- [    Test worker] o.s.s.concurrent.ThreadPoolTaskExecutor  : Initializing ExecutorService 'applicationTaskExecutor'
2020-05-13 16:05:15.970  WARN 4928 --- [    Test worker] aWebConfiguration$JpaWebMvcConfiguration : spring.jpa.open-in-view is enabled by default. Therefore, database queries may be performed during view rendering. Explicitly configure spring.jpa.open-in-view to disable this warning
2020-05-13 16:05:15.990  INFO 4928 --- [    Test worker] o.s.b.a.w.s.WelcomePageHandlerMapping    : Adding welcome page template: index
2020-05-13 16:05:16.329  INFO 4928 --- [    Test worker] s.a.ScheduledAnnotationBeanPostProcessor : No TaskScheduler/ScheduledExecutorService bean found for scheduled processing
2020-05-13 16:05:16.337  INFO 4928 --- [    Test worker] o.s.b.w.embedded.tomcat.TomcatWebServer  : Tomcat started on port(s): 49966 (http) with context path ''
2020-05-13 16:05:16.337  INFO 4928 --- [    Test worker] m.w.springboot.web.IndexControllerTest   : Started IndexControllerTest in 2.271 seconds (JVM running for 14.966)
2020-05-13 16:05:16.437  INFO 4928 --- [o-auto-1-exec-1] o.a.c.c.C.[Tomcat].[localhost].[/]       : Initializing Spring DispatcherServlet 'dispatcherServlet'
2020-05-13 16:05:16.437  INFO 4928 --- [o-auto-1-exec-1] o.s.web.servlet.DispatcherServlet        : Initializing Servlet 'dispatcherServlet'
2020-05-13 16:05:16.469  INFO 4928 --- [o-auto-1-exec-1] o.s.web.servlet.DispatcherServlet        : Completed initialization in 32 ms
Hibernate: select posts0_.id as id1_0_, posts0_.created_date as created_2_0_, posts0_.modified_date as modified3_0_, posts0_.author as author4_0_, posts0_.content as content5_0_, posts0_.title as title6_0_ from posts posts0_ order by posts0_.id DESC
]]></system-out>
  <system-err><![CDATA[]]></system-err>
</testsuite>
