<?xml version="1.0" encoding="UTF-8"?>
<testsuite name="me.whiteship.springboot.web.HelloControllerTest" tests="2" skipped="0" failures="0" errors="0" timestamp="2020-05-13T07:05:13" hostname="DESKTOP-5ALPGPC" time="0.183">
  <properties/>
  <testcase name="helloDto_return" classname="me.whiteship.springboot.web.HelloControllerTest" time="0.168"/>
  <testcase name="hello_return" classname="me.whiteship.springboot.web.HelloControllerTest" time="0.014"/>
  <system-out><![CDATA[2020-05-13 16:05:12.617  INFO 4928 --- [    Test worker] .b.t.a.w.s.WebMvcTestContextBootstrapper : Neither @ContextConfiguration nor @ContextHierarchy found for test class [me.whiteship.springboot.web.HelloControllerTest], using SpringBootContextLoader
2020-05-13 16:05:12.618  INFO 4928 --- [    Test worker] o.s.t.c.support.AbstractContextLoader    : Could not detect default resource locations for test class [me.whiteship.springboot.web.HelloControllerTest]: no resource found for suffixes {-context.xml, Context.groovy}.
2020-05-13 16:05:12.619  INFO 4928 --- [    Test worker] t.c.s.AnnotationConfigContextLoaderUtils : Could not detect default configuration classes for test class [me.whiteship.springboot.web.HelloControllerTest]: HelloControllerTest does not declare any static, non-private, non-final, nested classes annotated with @Configuration.
2020-05-13 16:05:12.675  INFO 4928 --- [    Test worker] .b.t.c.SpringBootTestContextBootstrapper : Found @SpringBootConfiguration me.whiteship.springboot.Application for test class me.whiteship.springboot.web.HelloControllerTest
2020-05-13 16:05:12.676  INFO 4928 --- [    Test worker] .b.t.a.w.s.WebMvcTestContextBootstrapper : Loaded default TestExecutionListener class names from location [META-INF/spring.factories]: [org.springframework.security.test.context.support.WithSecurityContextTestExecutionListener, org.springframework.security.test.context.support.ReactorContextTestExecutionListener, org.springframework.boot.test.autoconfigure.restdocs.RestDocsTestExecutionListener, org.springframework.boot.test.autoconfigure.web.client.MockRestServiceServerResetTestExecutionListener, org.springframework.boot.test.autoconfigure.web.servlet.MockMvcPrintOnlyOnFailureTestExecutionListener, org.springframework.boot.test.autoconfigure.web.servlet.WebDriverTestExecutionListener, org.springframework.boot.test.mock.mockito.MockitoTestExecutionListener, org.springframework.boot.test.mock.mockito.ResetMocksTestExecutionListener, org.springframework.test.context.web.ServletTestExecutionListener, org.springframework.test.context.support.DirtiesContextBeforeModesTestExecutionListener, org.springframework.test.context.support.DependencyInjectionTestExecutionListener, org.springframework.test.context.support.DirtiesContextTestExecutionListener, org.springframework.test.context.transaction.TransactionalTestExecutionListener, org.springframework.test.context.jdbc.SqlScriptsTestExecutionListener]
2020-05-13 16:05:12.677  INFO 4928 --- [    Test worker] .b.t.a.w.s.WebMvcTestContextBootstrapper : Using TestExecutionListeners: [org.springframework.test.context.web.ServletTestExecutionListener@4935502a, org.springframework.test.context.support.DirtiesContextBeforeModesTestExecutionListener@7d6063c4, org.springframework.boot.test.mock.mockito.MockitoTestExecutionListener@66b5d209, org.springframework.boot.test.autoconfigure.SpringBootDependencyInjectionTestExecutionListener@4b9bc032, org.springframework.test.context.support.DirtiesContextTestExecutionListener@284c7d6b, org.springframework.test.context.transaction.TransactionalTestExecutionListener@56cc45e5, org.springframework.test.context.jdbc.SqlScriptsTestExecutionListener@1e21e0af, org.springframework.security.test.context.support.WithSecurityContextTestExecutionListener@b2e2909, org.springframework.security.test.context.support.ReactorContextTestExecutionListener@40c2ba22, org.springframework.boot.test.autoconfigure.restdocs.RestDocsTestExecutionListener@74952cb2, org.springframework.boot.test.autoconfigure.web.client.MockRestServiceServerResetTestExecutionListener@65a09e17, org.springframework.boot.test.autoconfigure.web.servlet.MockMvcPrintOnlyOnFailureTestExecutionListener@1f3c95cb, org.springframework.boot.test.autoconfigure.web.servlet.WebDriverTestExecutionListener@4afa3fa4, org.springframework.boot.test.mock.mockito.ResetMocksTestExecutionListener@17d77af5]

  .   ____          _            __ _ _
 /\\ / ___'_ __ _ _(_)_ __  __ _ \ \ \ \
( ( )\___ | '_ | '_| | '_ \/ _` | \ \ \ \
 \\/  ___)| |_)| | | | | || (_| |  ) ) ) )
  '  |____| .__|_| |_|_| |_\__, | / / / /
 =========|_|==============|___/=/_/_/_/
 :: Spring Boot ::        (v2.1.9.RELEASE)

2020-05-13 16:05:12.726  INFO 4928 --- [    Test worker] m.w.springboot.web.HelloControllerTest   : Starting HelloControllerTest on DESKTOP-5ALPGPC with PID 4928 (started by Junhan in C:\Users\Junhan\Desktop\Project\Java\springboot-webservice)
2020-05-13 16:05:12.736  INFO 4928 --- [    Test worker] m.w.springboot.web.HelloControllerTest   : No active profile set, falling back to default profiles: default
2020-05-13 16:05:13.388  INFO 4928 --- [    Test worker] o.s.s.concurrent.ThreadPoolTaskExecutor  : Initializing ExecutorService 'applicationTaskExecutor'
2020-05-13 16:05:13.424  INFO 4928 --- [    Test worker] o.s.b.a.w.s.WelcomePageHandlerMapping    : Adding welcome page template: index
2020-05-13 16:05:13.640  INFO 4928 --- [    Test worker] .s.s.UserDetailsServiceAutoConfiguration : 

Using generated security password: 2e71d5cc-b4b8-4776-bd55-e59864aab9b4

2020-05-13 16:05:13.777  INFO 4928 --- [    Test worker] o.s.s.web.DefaultSecurityFilterChain     : Creating filter chain: any request, [org.springframework.security.web.context.request.async.WebAsyncManagerIntegrationFilter@4c393ac7, org.springframework.security.web.context.SecurityContextPersistenceFilter@3248d136, org.springframework.security.web.header.HeaderWriterFilter@154251f8, org.springframework.security.web.csrf.CsrfFilter@4c799f62, org.springframework.security.web.authentication.logout.LogoutFilter@a4aae54, org.springframework.security.web.authentication.UsernamePasswordAuthenticationFilter@21b8c7bd, org.springframework.security.web.authentication.ui.DefaultLoginPageGeneratingFilter@2bb8dd4b, org.springframework.security.web.authentication.ui.DefaultLogoutPageGeneratingFilter@7068d23f, org.springframework.security.web.authentication.www.BasicAuthenticationFilter@f282378, org.springframework.security.web.savedrequest.RequestCacheAwareFilter@3b5002d0, org.springframework.security.web.servletapi.SecurityContextHolderAwareRequestFilter@3c9a49d3, org.springframework.security.web.authentication.AnonymousAuthenticationFilter@3e951ca9, org.springframework.security.web.session.SessionManagementFilter@15c05ebd, org.springframework.security.web.access.ExceptionTranslationFilter@19720c7b, org.springframework.security.web.access.intercept.FilterSecurityInterceptor@6dc78936]
2020-05-13 16:05:13.823  INFO 4928 --- [    Test worker] o.s.b.t.m.w.SpringBootMockServletContext : Initializing Spring TestDispatcherServlet ''
2020-05-13 16:05:13.823  INFO 4928 --- [    Test worker] o.s.t.web.servlet.TestDispatcherServlet  : Initializing Servlet ''
2020-05-13 16:05:13.841  INFO 4928 --- [    Test worker] o.s.t.web.servlet.TestDispatcherServlet  : Completed initialization in 18 ms
2020-05-13 16:05:13.869  INFO 4928 --- [    Test worker] m.w.springboot.web.HelloControllerTest   : Started HelloControllerTest in 1.189 seconds (JVM running for 12.487)
]]></system-out>
  <system-err><![CDATA[]]></system-err>
</testsuite>
